<?xml version="1.0" encoding="UTF-8"?>
<!-- Generated by org.testng.reporters.JUnitXMLReporter -->
<testsuite ignored="0" hostname="Onss-MBP.lan" failures="0" tests="1" name="AddRemoveItemBasketTest" time="15.116" errors="0" timestamp="2023-02-05T23:00:00 CST">
  <testcase classname="com.automationtesting.app.AddRemoveItemBasketTest" name="@AfterTest tearDown" time="0.001">
    <failure type="java.lang.NullPointerException" message="Cannot invoke &amp;quot;org.openqa.selenium.WebDriver.close()&amp;quot; because &amp;quot;com.automationtesting.app.AddRemoveItemBasketTest.driver&amp;quot; is null">
      <![CDATA[java.lang.NullPointerException: Cannot invoke "org.openqa.selenium.WebDriver.close()" because "com.automationtesting.app.AddRemoveItemBasketTest.driver" is null
at com.automationtesting.app.AddRemoveItemBasketTest.tearDown(AddRemoveItemBasketTest.java:41)
... Removed 24 stack frames]]>
    </failure>
  </testcase> <!-- @AfterTest tearDown -->
  <testcase classname="com.automationtesting.app.AddRemoveItemBasketTest" name="AddRemoveItem" time="11.619"/>
</testsuite> <!-- AddRemoveItemBasketTest -->
